<?xml version="1.0" encoding="UTF-8"?>
<testsuite name="kr.co.syrup.adreport.stamp.event.service.StampLogServiceTest" tests="1" skipped="0" failures="0" errors="0" timestamp="2025-02-18T13:39:44" hostname="Mac" time="0.001">
  <properties/>
  <testcase name="saveStampEventLogWinningExchangeTest()" classname="kr.co.syrup.adreport.stamp.event.service.StampLogServiceTest" time="0.001"/>
  <system-out><![CDATA[[2025-02-18 22:39:44,945][][Test worker][INFO ][][SpringBootTestContextBootstrapper] Neither @ContextConfiguration nor @ContextHierarchy found for test class [kr.co.syrup.adreport.stamp.event.service.StampLogServiceTest], using SpringBootContextLoader
[2025-02-18 22:39:44,945][][Test worker][INFO ][][AbstractContextLoader] Could not detect default resource locations for test class [kr.co.syrup.adreport.stamp.event.service.StampLogServiceTest]: no resource found for suffixes {-context.xml, Context.groovy}.
[2025-02-18 22:39:44,945][][Test worker][INFO ][][AnnotationConfigContextLoaderUtils] Could not detect default configuration classes for test class [kr.co.syrup.adreport.stamp.event.service.StampLogServiceTest]: StampLogServiceTest does not declare any static, non-private, non-final, nested classes annotated with @Configuration.
[2025-02-18 22:39:44,946][][Test worker][INFO ][][SpringBootTestContextBootstrapper] Found @SpringBootConfiguration kr.co.syrup.adreport.BaseApplication for test class kr.co.syrup.adreport.stamp.event.service.StampLogServiceTest
[2025-02-18 22:39:44,947][][Test worker][INFO ][][SpringBootTestContextBootstrapper] Loaded default TestExecutionListener class names from location [META-INF/spring.factories]: [org.springframework.boot.test.autoconfigure.restdocs.RestDocsTestExecutionListener, org.springframework.boot.test.autoconfigure.web.client.MockRestServiceServerResetTestExecutionListener, org.springframework.boot.test.autoconfigure.web.servlet.MockMvcPrintOnlyOnFailureTestExecutionListener, org.springframework.boot.test.autoconfigure.web.servlet.WebDriverTestExecutionListener, org.springframework.boot.test.autoconfigure.webservices.client.MockWebServiceServerTestExecutionListener, org.springframework.boot.test.mock.mockito.MockitoTestExecutionListener, org.springframework.boot.test.mock.mockito.ResetMocksTestExecutionListener, org.springframework.test.context.web.ServletTestExecutionListener, org.springframework.test.context.support.DirtiesContextBeforeModesTestExecutionListener, org.springframework.test.context.event.ApplicationEventsTestExecutionListener, org.springframework.test.context.support.DependencyInjectionTestExecutionListener, org.springframework.test.context.support.DirtiesContextTestExecutionListener, org.springframework.test.context.transaction.TransactionalTestExecutionListener, org.springframework.test.context.jdbc.SqlScriptsTestExecutionListener, org.springframework.test.context.event.EventPublishingTestExecutionListener]
[2025-02-18 22:39:44,947][][Test worker][INFO ][][SpringBootTestContextBootstrapper] Using TestExecutionListeners: [org.springframework.test.context.web.ServletTestExecutionListener@5bab1d6d, org.springframework.test.context.support.DirtiesContextBeforeModesTestExecutionListener@11cdf1aa, org.springframework.test.context.event.ApplicationEventsTestExecutionListener@2df96fa6, org.springframework.boot.test.mock.mockito.MockitoTestExecutionListener@520ea90, org.springframework.boot.test.autoconfigure.SpringBootDependencyInjectionTestExecutionListener@6e3df2c, org.springframework.test.context.support.DirtiesContextTestExecutionListener@785d2efb, org.springframework.test.context.transaction.TransactionalTestExecutionListener@1ebffa09, org.springframework.test.context.jdbc.SqlScriptsTestExecutionListener@1cc9e724, org.springframework.test.context.event.EventPublishingTestExecutionListener@44b412e, org.springframework.boot.test.autoconfigure.restdocs.RestDocsTestExecutionListener@15f08daa, org.springframework.boot.test.autoconfigure.web.client.MockRestServiceServerResetTestExecutionListener@747e52af, org.springframework.boot.test.autoconfigure.web.servlet.MockMvcPrintOnlyOnFailureTestExecutionListener@27dd7bc3, org.springframework.boot.test.autoconfigure.web.servlet.WebDriverTestExecutionListener@79411c27, org.springframework.boot.test.autoconfigure.webservices.client.MockWebServiceServerTestExecutionListener@684d5378, org.springframework.boot.test.mock.mockito.ResetMocksTestExecutionListener@6ea08ff4]
]]></system-out>
  <system-err><![CDATA[]]></system-err>
</testsuite>
